# JRE version: OpenJDK Runtime Environment (11.0.11+9) (build 11.0.11+9-b60-7590822)
# Java VM: OpenJDK 64-Bit Server VM (11.0.11+9-b60-7590822, mixed mode, tiered, compressed oops, g1 gc, windows-amd64)
Heap:
 garbage-first heap   total 262144K, used 87375K [0x0000000080000000, 0x0000000100000000)
  region size 1024K, 19 young (19456K), 13 survivors (13312K)
 Metaspace       used 93836K, capacity 95976K, committed 96332K, reserved 1132544K
  class space    used 12018K, capacity 12825K, committed 12928K, reserved 1048576K
GC Heap History (20 events):
Event: 2.593 GC heap before
{Heap before GC invocations=1 (full 0):
 garbage-first heap   total 262144K, used 107393K [0x0000000080000000, 0x0000000100000000)
  region size 1024K, 100 young (102400K), 3 survivors (3072K)
 Metaspace       used 20621K, capacity 21081K, committed 21248K, reserved 1067008K
  class space    used 2539K, capacity 2695K, committed 2816K, reserved 1048576K
}
Event: 2.605 GC heap after
{Heap after GC invocations=2 (full 0):
 garbage-first heap   total 262144K, used 17405K [0x0000000080000000, 0x0000000100000000)
  region size 1024K, 12 young (12288K), 12 survivors (12288K)
 Metaspace       used 20621K, capacity 21081K, committed 21248K, reserved 1067008K
  class space    used 2539K, capacity 2695K, committed 2816K, reserved 1048576K
}
Event: 3.204 GC heap before
{Heap before GC invocations=3 (full 0):
 garbage-first heap   total 262144K, used 66557K [0x0000000080000000, 0x0000000100000000)
  region size 1024K, 61 young (62464K), 12 survivors (12288K)
 Metaspace       used 25821K, capacity 26438K, committed 26752K, reserved 1073152K
  class space    used 3381K, capacity 3615K, committed 3712K, reserved 1048576K
}
Event: 3.211 GC heap after
{Heap after GC invocations=4 (full 0):
 garbage-first heap   total 262144K, used 18990K [0x0000000080000000, 0x0000000100000000)
  region size 1024K, 3 young (3072K), 3 survivors (3072K)
 Metaspace       used 25821K, capacity 26438K, committed 26752K, reserved 1073152K
  class space    used 3381K, capacity 3615K, committed 3712K, reserved 1048576K
}
Event: 4.098 GC heap before
{Heap before GC invocations=4 (full 0):
 garbage-first heap   total 262144K, used 81454K [0x0000000080000000, 0x0000000100000000)
  region size 1024K, 65 young (66560K), 3 survivors (3072K)
 Metaspace       used 34990K, capacity 35785K, committed 35840K, reserved 1081344K
  class space    used 4556K, capacity 4863K, committed 4864K, reserved 1048576K
}
Event: 4.105 GC heap after
{Heap after GC invocations=5 (full 0):
 garbage-first heap   total 262144K, used 22377K [0x0000000080000000, 0x0000000100000000)
  region size 1024K, 6 young (6144K), 6 survivors (6144K)
 Metaspace       used 34990K, capacity 35785K, committed 35840K, reserved 1081344K
  class space    used 4556K, capacity 4863K, committed 4864K, reserved 1048576K
}
Event: 7.785 GC heap before
{Heap before GC invocations=6 (full 0):
 garbage-first heap   total 262144K, used 148329K [0x0000000080000000, 0x0000000100000000)
  region size 1024K, 126 young (129024K), 6 survivors (6144K)
 Metaspace       used 45041K, capacity 46053K, committed 46284K, reserved 1089536K
  class space    used 5788K, capacity 6139K, committed 6144K, reserved 1048576K
}
Event: 7.794 GC heap after
{Heap after GC invocations=7 (full 0):
 garbage-first heap   total 262144K, used 29279K [0x0000000080000000, 0x0000000100000000)
  region size 1024K, 13 young (13312K), 13 survivors (13312K)
 Metaspace       used 45041K, capacity 46053K, committed 46284K, reserved 1089536K
  class space    used 5788K, capacity 6139K, committed 6144K, reserved 1048576K
}
Event: 13.455 GC heap before
{Heap before GC invocations=7 (full 0):
 garbage-first heap   total 262144K, used 176735K [0x0000000080000000, 0x0000000100000000)
  region size 1024K, 149 young (152576K), 13 survivors (13312K)
 Metaspace       used 55086K, capacity 56381K, committed 56652K, reserved 1097728K
  class space    used 7000K, capacity 7492K, committed 7552K, reserved 1048576K
}
Event: 13.480 GC heap after
{Heap after GC invocations=8 (full 0):
 garbage-first heap   total 262144K, used 50549K [0x0000000080000000, 0x0000000100000000)
  region size 1024K, 19 young (19456K), 19 survivors (19456K)
 Metaspace       used 55086K, capacity 56381K, committed 56652K, reserved 1097728K
  class space    used 7000K, capacity 7492K, committed 7552K, reserved 1048576K
}
Event: 14.306 GC heap before
{Heap before GC invocations=8 (full 0):
 garbage-first heap   total 262144K, used 74101K [0x0000000080000000, 0x0000000100000000)
  region size 1024K, 43 young (44032K), 19 survivors (19456K)
 Metaspace       used 58701K, capacity 60142K, committed 60236K, reserved 1101824K
  class space    used 7471K, capacity 8019K, committed 8064K, reserved 1048576K
}
Event: 14.393 GC heap after
{Heap after GC invocations=9 (full 0):
 garbage-first heap   total 262144K, used 52399K [0x0000000080000000, 0x0000000100000000)
  region size 1024K, 3 young (3072K), 3 survivors (3072K)
 Metaspace       used 58701K, capacity 60142K, committed 60236K, reserved 1101824K
  class space    used 7471K, capacity 8019K, committed 8064K, reserved 1048576K
}
Event: 21.443 GC heap before
{Heap before GC invocations=10 (full 0):
 garbage-first heap   total 262144K, used 198831K [0x0000000080000000, 0x0000000100000000)
  region size 1024K, 146 young (149504K), 3 survivors (3072K)
 Metaspace       used 69643K, capacity 71235K, committed 71500K, reserved 1112064K
  class space    used 8889K, capacity 9504K, committed 9600K, reserved 1048576K
}
Event: 21.493 GC heap after
{Heap after GC invocations=11 (full 0):
 garbage-first heap   total 262144K, used 61337K [0x0000000080000000, 0x0000000100000000)
  region size 1024K, 12 young (12288K), 12 survivors (12288K)
 Metaspace       used 69643K, capacity 71235K, committed 71500K, reserved 1112064K
  class space    used 8889K, capacity 9504K, committed 9600K, reserved 1048576K
}
Event: 31.591 GC heap before
{Heap before GC invocations=11 (full 0):
 garbage-first heap   total 262144K, used 200601K [0x0000000080000000, 0x0000000100000000)
  region size 1024K, 148 young (151552K), 12 survivors (12288K)
 Metaspace       used 83214K, capacity 85221K, committed 85452K, reserved 1122304K
  class space    used 10904K, capacity 11660K, committed 11776K, reserved 1048576K
}
Event: 31.630 GC heap after
{Heap after GC invocations=12 (full 0):
 garbage-first heap   total 262144K, used 71158K [0x0000000080000000, 0x0000000100000000)
  region size 1024K, 10 young (10240K), 10 survivors (10240K)
 Metaspace       used 83214K, capacity 85221K, committed 85452K, reserved 1122304K
  class space    used 10904K, capacity 11660K, committed 11776K, reserved 1048576K
}
Event: 40.380 GC heap before
{Heap before GC invocations=12 (full 0):
 garbage-first heap   total 262144K, used 221686K [0x0000000080000000, 0x0000000100000000)
  region size 1024K, 141 young (144384K), 10 survivors (10240K)
 Metaspace       used 89477K, capacity 91569K, committed 91724K, reserved 1128448K
  class space    used 11524K, capacity 12318K, committed 12416K, reserved 1048576K
}
Event: 40.426 GC heap after
{Heap after GC invocations=13 (full 0):
 garbage-first heap   total 262144K, used 76243K [0x0000000080000000, 0x0000000100000000)
  region size 1024K, 15 young (15360K), 15 survivors (15360K)
 Metaspace       used 89477K, capacity 91569K, committed 91724K, reserved 1128448K
  class space    used 11524K, capacity 12318K, committed 12416K, reserved 1048576K
}
Event: 42.755 GC heap before
{Heap before GC invocations=13 (full 0):
 garbage-first heap   total 262144K, used 207315K [0x0000000080000000, 0x0000000100000000)
  region size 1024K, 144 young (147456K), 15 survivors (15360K)
 Metaspace       used 93546K, capacity 95714K, committed 95820K, reserved 1132544K
  class space    used 11991K, capacity 12823K, committed 12928K, reserved 1048576K
}
Event: 42.794 GC heap after
{Heap after GC invocations=14 (full 0):
 garbage-first heap   total 262144K, used 82255K [0x0000000080000000, 0x0000000100000000)
  region size 1024K, 13 young (13312K), 13 survivors (13312K)
 Metaspace       used 93546K, capacity 95714K, committed 95820K, reserved 1132544K
  class space    used 11991K, capacity 12823K, committed 12928K, reserved 1048576K
}

